0 info it worked if it ends with ok
1 verbose cli [ 'C:\\Program Files\\nodejs\\node.exe',
1 verbose cli   'C:\\Users\\mohan\\AppData\\Roaming\\npm\\node_modules\\npm\\bin\\npm-cli.js',
1 verbose cli   'start' ]
2 info using npm@4.0.5
3 info using node@v10.16.0
4 verbose run-script [ 'prestart', 'start', 'poststart' ]
5 info lifecycle startbootstrap-creative@5.1.7~prestart: startbootstrap-creative@5.1.7
6 silly lifecycle startbootstrap-creative@5.1.7~prestart: no script for prestart, continuing
7 info lifecycle startbootstrap-creative@5.1.7~start: startbootstrap-creative@5.1.7
8 verbose lifecycle startbootstrap-creative@5.1.7~start: unsafe-perm in lifecycle true
9 verbose lifecycle startbootstrap-creative@5.1.7~start: PATH: C:\Users\mohan\AppData\Roaming\npm\node_modules\npm\bin\node-gyp-bin;C:\Users\mohan\Documents\startbootstrap-creative\node_modules\.bin;C:\Users\mohan\bin;C:\Program Files\Git\mingw64\bin;C:\Program Files\Git\usr\local\bin;C:\Program Files\Git\usr\bin;C:\Program Files\Git\usr\bin;C:\Program Files\Git\mingw64\bin;C:\Program Files\Git\usr\bin;C:\Users\mohan\bin;C:\Program Files (x86)\Razer Chroma SDK\bin;C:\Program Files\Razer Chroma SDK\bin;C:\Program Files (x86)\Razer\ChromaBroadcast\bin;C:\Program Files\Razer\ChromaBroadcast\bin;C:\Program Files (x86)\Common Files\Oracle\Java\javapath;C:\ProgramData\Oracle\Java\javapath;C:\WINDOWS\system32;C:\WINDOWS;C:\WINDOWS\System32\Wbem;C:\WINDOWS\System32\WindowsPowerShell\v1.0;C:\Program Files (x86)\ATI Technologies\ATI.ACE\Core-Static;C:\Program Files (x86)\Skype\Phone;C:\Program Files\MATLAB\R2015b\runtime\win64;C:\Program Files\MATLAB\R2015b\bin;C:\Program Files\Git\cmd;C:\Program Files (x86)\Heroku\bin;C:\Program Files (x86)\git\cmd;C:\Program Files (x86)\Git\cmd;C:\Program Files\nodejs;C:\MongoDB\bin;C:\WINDOWS\System32\OpenSSH;C:\WINDOWS\system32\config\systemprofile\AppData\Local\Microsoft\WindowsApps;C:\Program Files (x86)\NVIDIA Corporation\PhysX\Common;C:\Program Files\NVIDIA Corporation\NVIDIA NvDLISR;C:\Ruby23\bin;C:\Users\mohan\AppData\Roaming\npm;C:\Program Files\Sublime Text 3;C:\Users\mohan\AppData\Local\Microsoft\WindowsApps;C:\Users\mohan\AppData\Local\.meteor;C:\Program Files\Java\jdk1.8.0_111\bin;C:\Users\mohan\AppData\Local\Android\sdk\tools;C:\Users\mohan\AppData\Local\Android\sdk\platform-tools;C:\Program Files\Java\jdk1.8.0_111\bin;C:\Users\mohan\AppData\Local\Google\Cloud SDK\google-cloud-sdk\bin;C:\Program Files\Git\usr\bin\vendor_perl;C:\Program Files\Git\usr\bin\core_perl
10 verbose lifecycle startbootstrap-creative@5.1.7~start: CWD: C:\Users\mohan\Documents\startbootstrap-creative
11 silly lifecycle startbootstrap-creative@5.1.7~start: Args: [ '/d /s /c', 'gulp watch' ]
12 silly lifecycle startbootstrap-creative@5.1.7~start: Returned: code: 1  signal: null
13 info lifecycle startbootstrap-creative@5.1.7~start: Failed to exec start script
14 verbose stack Error: startbootstrap-creative@5.1.7 start: `gulp watch`
14 verbose stack Exit status 1
14 verbose stack     at EventEmitter.<anonymous> (C:\Users\mohan\AppData\Roaming\npm\node_modules\npm\lib\utils\lifecycle.js:279:16)
14 verbose stack     at EventEmitter.emit (events.js:198:13)
14 verbose stack     at ChildProcess.<anonymous> (C:\Users\mohan\AppData\Roaming\npm\node_modules\npm\lib\utils\spawn.js:40:14)
14 verbose stack     at ChildProcess.emit (events.js:198:13)
14 verbose stack     at maybeClose (internal/child_process.js:982:16)
14 verbose stack     at Process.ChildProcess._handle.onexit (internal/child_process.js:259:5)
15 verbose pkgid startbootstrap-creative@5.1.7
16 verbose cwd C:\Users\mohan\Documents\startbootstrap-creative
17 error Windows_NT 10.0.17134
18 error argv "C:\\Program Files\\nodejs\\node.exe" "C:\\Users\\mohan\\AppData\\Roaming\\npm\\node_modules\\npm\\bin\\npm-cli.js" "start"
19 error node v10.16.0
20 error npm  v4.0.5
21 error code ELIFECYCLE
22 error startbootstrap-creative@5.1.7 start: `gulp watch`
22 error Exit status 1
23 error Failed at the startbootstrap-creative@5.1.7 start script 'gulp watch'.
23 error Make sure you have the latest version of node.js and npm installed.
23 error If you do, this is most likely a problem with the startbootstrap-creative package,
23 error not with npm itself.
23 error Tell the author that this fails on your system:
23 error     gulp watch
23 error You can get information on how to open an issue for this project with:
23 error     npm bugs startbootstrap-creative
23 error Or if that isn't available, you can get their info via:
23 error     npm owner ls startbootstrap-creative
23 error There is likely additional logging output above.
24 verbose exit [ 1, true ]
